<?xml version="1.0" encoding="UTF-8"?>
<!-- Generated by org.testng.reporters.JUnitXMLReporter -->
<testsuite hostname="DCIPL013" name="SingleTestEnv1" tests="1" failures="1" timestamp="5 Feb 2022 14:45:05 GMT" time="21.24" errors="0">
  <testcase name="@AfterMethod tearDown" time="0.0" classname="Amazon.Web.AddToCartTest">
    <failure type="java.lang.NullPointerException">
      <![CDATA[java.lang.NullPointerException
	at BaseClass.MainTestClass.tearDown(MainTestClass.java:132)
	at java.util.concurrent.FutureTask.run(FutureTask.java:266)
	at java.util.concurrent.ThreadPoolExecutor.runWorker(ThreadPoolExecutor.java:1149)
	at java.util.concurrent.ThreadPoolExecutor$Worker.run(ThreadPoolExecutor.java:624)
	at java.lang.Thread.run(Thread.java:748)
... Removed 18 stack frames]]>
    </failure>
  </testcase> <!-- @AfterMethod tearDown -->
  <testcase name="testAddToCart" time="21.23" classname="Amazon.Web.AddToCartTest">
    <failure type="java.lang.NullPointerException">
      <![CDATA[java.lang.NullPointerException
	at Utilities.Reports.getScreenshot(Reports.java:87)
	at Utilities.Reports.failTest(Reports.java:70)
	at Amazon.Web.AddToCartTest.testAddToCart(AddToCartTest.java:24)
	at java.util.concurrent.FutureTask.run(FutureTask.java:266)
	at java.util.concurrent.ThreadPoolExecutor.runWorker(ThreadPoolExecutor.java:1149)
	at java.util.concurrent.ThreadPoolExecutor$Worker.run(ThreadPoolExecutor.java:624)
	at java.lang.Thread.run(Thread.java:748)
... Removed 16 stack frames]]>
    </failure>
  </testcase> <!-- testAddToCart -->
</testsuite> <!-- SingleTestEnv1 -->
